<?xml version="1.0" encoding="UTF-8"?>
<!-- Generated by org.testng.reporters.JUnitXMLReporter -->
<testsuite ignored="0" hostname="LAPTOP-0TH2U9N4" failures="2" tests="3" name="Test" time="0.083" errors="0" timestamp="2025-03-09T15:58:59 IST">
  <testcase classname="advancedSelenium.RetryLogic" name="test1" time="0.02">
    <failure type="java.lang.AssertionError" message="expected [true] but found [false]">
      <![CDATA[java.lang.AssertionError: expected [true] but found [false]
at advancedSelenium.RetryLogic.test1(RetryLogic.java:11)
at java.base/java.util.ArrayList.forEach(ArrayList.java:1511)
... Removed 31 stack frames]]>
    </failure>
  </testcase> <!-- test1 -->
  <testcase classname="advancedSelenium.RetryLogic" name="test2" time="0.002">
    <failure type="java.lang.AssertionError" message="expected [true] but found [false]">
      <![CDATA[java.lang.AssertionError: expected [true] but found [false]
at advancedSelenium.RetryLogic.test2(RetryLogic.java:17)
at java.base/java.util.ArrayList.forEach(ArrayList.java:1511)
... Removed 31 stack frames]]>
    </failure>
  </testcase> <!-- test2 -->
  <testcase classname="advancedSelenium.RetryLogic" name="test3" time="0.0"/>
</testsuite> <!-- Test -->
